Performing C SOURCE FILE Test CMAKE_HAVE_LIBC_PTHREAD failed with the following output:
Change Dir: /home/nop/ORB_SLAM3/Examples/ROS/ORB_SLAM3/build/CMakeFiles/CMakeScratch/TryCompile-ADmeCt

Run Build Command(s):/usr/bin/make -f Makefile cmTC_7bae5/fast && /usr/bin/make  -f CMakeFiles/cmTC_7bae5.dir/build.make CMakeFiles/cmTC_7bae5.dir/build
make[1]: ディレクトリ '/home/nop/ORB_SLAM3/Examples/ROS/ORB_SLAM3/build/CMakeFiles/CMakeScratch/TryCompile-ADmeCt' に入ります
Building C object CMakeFiles/cmTC_7bae5.dir/src.c.o
/usr/bin/cc -DCMAKE_HAVE_LIBC_PTHREAD   -o CMakeFiles/cmTC_7bae5.dir/src.c.o -c /home/nop/ORB_SLAM3/Examples/ROS/ORB_SLAM3/build/CMakeFiles/CMakeScratch/TryCompile-ADmeCt/src.c
Linking C executable cmTC_7bae5
/home/nop/.local/lib/python3.6/site-packages/cmake/data/bin/cmake -E cmake_link_script CMakeFiles/cmTC_7bae5.dir/link.txt --verbose=1
/usr/bin/cc -rdynamic CMakeFiles/cmTC_7bae5.dir/src.c.o -o cmTC_7bae5 
CMakeFiles/cmTC_7bae5.dir/src.c.o: 関数 `main' 内:
src.c:(.text+0x3e): `pthread_create' に対する定義されていない参照です
src.c:(.text+0x4a): `pthread_detach' に対する定義されていない参照です
src.c:(.text+0x56): `pthread_cancel' に対する定義されていない参照です
src.c:(.text+0x67): `pthread_join' に対する定義されていない参照です
src.c:(.text+0x7b): `pthread_atfork' に対する定義されていない参照です
collect2: error: ld returned 1 exit status
CMakeFiles/cmTC_7bae5.dir/build.make:98: recipe for target 'cmTC_7bae5' failed
make[1]: *** [cmTC_7bae5] Error 1
make[1]: ディレクトリ '/home/nop/ORB_SLAM3/Examples/ROS/ORB_SLAM3/build/CMakeFiles/CMakeScratch/TryCompile-ADmeCt' から出ます
Makefile:127: recipe for target 'cmTC_7bae5/fast' failed
make: *** [cmTC_7bae5/fast] Error 2


Source file was:
#include <pthread.h>

static void* test_func(void* data)
{
  return data;
}

int main(void)
{
  pthread_t thread;
  pthread_create(&thread, NULL, test_func, NULL);
  pthread_detach(thread);
  pthread_cancel(thread);
  pthread_join(thread, NULL);
  pthread_atfork(NULL, NULL, NULL);
  pthread_exit(NULL);

  return 0;
}


Determining if the function pthread_create exists in the pthreads failed with the following output:
Change Dir: /home/nop/ORB_SLAM3/Examples/ROS/ORB_SLAM3/build/CMakeFiles/CMakeScratch/TryCompile-5PFWmY

Run Build Command(s):/usr/bin/make -f Makefile cmTC_6c3de/fast && /usr/bin/make  -f CMakeFiles/cmTC_6c3de.dir/build.make CMakeFiles/cmTC_6c3de.dir/build
make[1]: ディレクトリ '/home/nop/ORB_SLAM3/Examples/ROS/ORB_SLAM3/build/CMakeFiles/CMakeScratch/TryCompile-5PFWmY' に入ります
Building C object CMakeFiles/cmTC_6c3de.dir/CheckFunctionExists.c.o
/usr/bin/cc   -DCHECK_FUNCTION_EXISTS=pthread_create -o CMakeFiles/cmTC_6c3de.dir/CheckFunctionExists.c.o -c /home/nop/ORB_SLAM3/Examples/ROS/ORB_SLAM3/build/CMakeFiles/CMakeScratch/TryCompile-5PFWmY/CheckFunctionExists.c
Linking C executable cmTC_6c3de
/home/nop/.local/lib/python3.6/site-packages/cmake/data/bin/cmake -E cmake_link_script CMakeFiles/cmTC_6c3de.dir/link.txt --verbose=1
/usr/bin/cc  -DCHECK_FUNCTION_EXISTS=pthread_create -rdynamic CMakeFiles/cmTC_6c3de.dir/CheckFunctionExists.c.o -o cmTC_6c3de  -lpthreads 
/usr/bin/ld: -lpthreads が見つかりません
collect2: error: ld returned 1 exit status
CMakeFiles/cmTC_6c3de.dir/build.make:98: recipe for target 'cmTC_6c3de' failed
make[1]: *** [cmTC_6c3de] Error 1
make[1]: ディレクトリ '/home/nop/ORB_SLAM3/Examples/ROS/ORB_SLAM3/build/CMakeFiles/CMakeScratch/TryCompile-5PFWmY' から出ます
Makefile:127: recipe for target 'cmTC_6c3de/fast' failed
make: *** [cmTC_6c3de/fast] Error 2



